**********************
Windows PowerShell transcript start
Start time: 20260103182224
Username: DESKTOP-ACSC2C7\pdxvo
RunAs User: DESKTOP-ACSC2C7\pdxvo
Configuration Name: 
Machine: DESKTOP-ACSC2C7 (Microsoft Windows NT 10.0.26100.0)
Host Application: C:\Windows\System32\WindowsPowerShell\v1.0\powershell.exe -NoProfile -ExecutionPolicy Bypass -File ucc\notes\coherence_runs\MakeCoherenceRuns.ps1 -PythonExe .\python\.venv\Scripts\python.exe
Process ID: 47280
PSVersion: 5.1.26100.7462
PSEdition: Desktop
PSCompatibleVersions: 1.0, 2.0, 3.0, 4.0, 5.0, 5.1.26100.7462
BuildVersion: 10.0.26100.7462
CLRVersion: 4.0.30319.42000
WSManStackVersion: 3.0
PSRemotingProtocolVersion: 2.3
SerializationVersion: 1.1.0.1
**********************

>> .\python\.venv\Scripts\python.exe -m ucc.cli run ucc/modules/helmholtz_compare.yml --input ucc/tasks/helmholtz_compare_sample.json --outdir ucc\out/helmholtz_compare_sample
Metrics: {'summary_path': 'C:\\Users\\pdxvo\\Documents\\Lean\\CoherenceLattice\\ucc\\tasks\\helmholtz_summary_sample.csv
', 'summary_sha256': '7f87a08b3d5880c5aa0f9865072e05fe66a7649f357159ded8872216169ed457', 'steps_count': 5, 't_start': 5,
 't_end': 1, 'deltaPsi_start': 0.15480000000000002, 'deltaPsi_peak': 0.1945, 't_peak': 3, 'deltaPsi_end': 0.004399999999
9999595, 'auc_deltaPsi': 0.5539}
Flags: {'overall_pass': True}
Wrote audit bundle to: ucc\out\helmholtz_compare_sample\audit_bundle.json

>> .\python\.venv\Scripts\python.exe -m ucc.cli run ucc/modules/tches_compare.yml --input ucc/tasks/tches_compare_sample.json --outdir ucc\out/tches_compare_sample
Metrics: {'baseline_path': 'C:\\Users\\pdxvo\\Documents\\Lean\\CoherenceLattice\\ucc\\tasks\\tches_baseline_sample.csv',
 'lambda_path': 'C:\\Users\\pdxvo\\Documents\\Lean\\CoherenceLattice\\ucc\\tasks\\tches_lambda_sample.csv', 'baseline_sh
a256': '7104efe3866ebde407a7ef5779e3bba247508cb84221eb1dda61f4e8284f97d8', 'lambda_sha256': '52dc8df3cfa7fe94514de2d563c
5f6965615f39ff7779e40298907f4e35be78b', 'baseline_max_LambdaT': 0.76, 'baseline_mean_LambdaT': 0.693, 'baseline_warn_Lam
bdaT_steps': 5, 'baseline_alarm_LambdaT_steps': 0, 'baseline_mean_Ppump': 8.6, 'baseline_mean_Qch': 96.9, 'baseline_n_ro
ws': 10, 'lambda_max_LambdaT': 0.74, 'lambda_mean_LambdaT': 0.679, 'lambda_warn_LambdaT_steps': 2, 'lambda_alarm_LambdaT
_steps': 0, 'lambda_mean_Ppump': 8.7, 'lambda_mean_Qch': 97.0, 'lambda_n_rows': 10, 'delta_warn_LambdaT_steps': 3, 'delt
a_mean_Ppump': 0.09999999999999964, 'delta_mean_Qch': 0.09999999999999432}
Flags: {'improved_warn_time': True}
Wrote audit bundle to: ucc\out\tches_compare_sample\audit_bundle.json

>> .\python\.venv\Scripts\python.exe -m ucc.cli run ucc/modules/quantum_anchor_coverage.yml --input ucc/tasks/quantum_anchor_task.json --outdir ucc\out/quantum_anchor_sample
Metrics: {'required_sections': ['PAULI_COMMUTATORS', 'SIGMAZ_EIGENSTATES', 'SIGMAX_EIGENSTATES', 'COHERENCE_PROXY_OFFDIA
G', 'TWO_LEVEL_PARTITION_FUNCTION', 'GIBBS_TRACE_ONE', 'THERMO_EXPECTED_ENERGY'], 'present_sections': ['PAULI_COMMUTATOR
S', 'SIGMAZ_EIGENSTATES', 'SIGMAX_EIGENSTATES', 'COHERENCE_PROXY_OFFDIAG', 'TWO_LEVEL_PARTITION_FUNCTION', 'GIBBS_TRACE_
ONE', 'THERMO_EXPECTED_ENERGY'], 'missing_sections': [], 'section_coverage': 1.0, 'present_count': 7, 'required_count':
7}
Flags: {'sections_complete': True, 'sections_missing': []}
Wrote audit bundle to: ucc\out\quantum_anchor_sample\audit_bundle.json

>> .\python\.venv\Scripts\python.exe -m ucc.make_coherence_artifact --out ucc/tasks/coherence_runs/helmholtz_coherence.json --id helmholtz-001 --domain research --question Audit Helmholtz artifacts --answer_md ucc/notes/coherence_runs/helmholtz_writeup.md --claims_csv ucc/notes/coherence_runs/helmholtz_claims.csv --sources_csv ucc/notes/coherence_runs/helmholtz_sources.csv --evidence_link https://github.com/pdxvoiceteacher/CoherenceLattice --reporting_primary github issues --reporting_escalation maintainers
Wrote: C:\Users\pdxvo\Documents\Lean\CoherenceLattice\ucc\tasks\coherence_runs\helmholtz_coherence.json

>> .\python\.venv\Scripts\python.exe -m ucc.make_coherence_artifact --out ucc/tasks/coherence_runs/tches_coherence.json --id tches-001 --domain research --question Audit TCHES artifacts --answer_md ucc/notes/coherence_runs/tches_writeup.md --claims_csv ucc/notes/coherence_runs/tches_claims.csv --sources_csv ucc/notes/coherence_runs/tches_sources.csv --evidence_link https://github.com/pdxvoiceteacher/CoherenceLattice --reporting_primary github issues --reporting_escalation maintainers
Wrote: C:\Users\pdxvo\Documents\Lean\CoherenceLattice\ucc\tasks\coherence_runs\tches_coherence.json

>> .\python\.venv\Scripts\python.exe -m ucc.make_coherence_artifact --out ucc/tasks/coherence_runs/quantum_coherence.json --id quantum-001 --domain research --question Audit Quantum anchor artifacts --answer_md ucc/notes/coherence_runs/quantum_writeup.md --claims_csv ucc/notes/coherence_runs/quantum_claims.csv --sources_csv ucc/notes/coherence_runs/quantum_sources.csv --evidence_link https://github.com/pdxvoiceteacher/CoherenceLattice --reporting_primary github issues --reporting_escalation maintainers
Wrote: C:\Users\pdxvo\Documents\Lean\CoherenceLattice\ucc\tasks\coherence_runs\quantum_coherence.json

>> .\python\.venv\Scripts\python.exe -m ucc.cli run ucc/modules/coherence_audit.yml --input ucc/tasks/coherence_runs/helmholtz_coherence.json --outdir ucc\out/coherence_helmholtz
Metrics: {'required_sections': ['assumptions', 'limitations', 'uncertainty', 'disclosure'], 'present_sections': ['assump
tions', 'limitations', 'uncertainty', 'disclosure'], 'missing_sections': [], 'T_required_sections_coverage': 1.0, 'E_cla
im_coverage': 1.0, 'E_source_resolve_rate': 1.0, 'evidence_links_count': 1, 'evidence_links_min_required': 1, 'Psi': 1.0
, 'Es_fields_ok': 1, 'DeltaS_n': 0, 'DeltaS_mean': None, 'DeltaS_max': None, 'Lambda_n': 0, 'Lambda_mode_label': None, '
Lambda_flip_rate': None}
Flags: {'evidence_links_ok': True, 'deltaS_skipped': True, 'lambda_skipped': True, 'pass_evidence': True, 'pass_traceabi
lity': True, 'pass_psi': True, 'pass_deltaS': True, 'pass_lambda': True, 'pass_Es': True, 'overall_pass': True}
Wrote audit bundle to: ucc\out\coherence_helmholtz\audit_bundle.json

>> .\python\.venv\Scripts\python.exe -m ucc.cli run ucc/modules/coherence_audit.yml --input ucc/tasks/coherence_runs/tches_coherence.json --outdir ucc\out/coherence_tches
Metrics: {'required_sections': ['assumptions', 'limitations', 'uncertainty', 'disclosure'], 'present_sections': ['assump
tions', 'limitations', 'uncertainty', 'disclosure'], 'missing_sections': [], 'T_required_sections_coverage': 1.0, 'E_cla
im_coverage': 1.0, 'E_source_resolve_rate': 1.0, 'evidence_links_count': 1, 'evidence_links_min_required': 1, 'Psi': 1.0
, 'Es_fields_ok': 1, 'DeltaS_n': 0, 'DeltaS_mean': None, 'DeltaS_max': None, 'Lambda_n': 0, 'Lambda_mode_label': None, '
Lambda_flip_rate': None}
Flags: {'evidence_links_ok': True, 'deltaS_skipped': True, 'lambda_skipped': True, 'pass_evidence': True, 'pass_traceabi
lity': True, 'pass_psi': True, 'pass_deltaS': True, 'pass_lambda': True, 'pass_Es': True, 'overall_pass': True}
Wrote audit bundle to: ucc\out\coherence_tches\audit_bundle.json

>> .\python\.venv\Scripts\python.exe -m ucc.cli run ucc/modules/coherence_audit.yml --input ucc/tasks/coherence_runs/quantum_coherence.json --outdir ucc\out/coherence_quantum
Metrics: {'required_sections': ['assumptions', 'limitations', 'uncertainty', 'disclosure'], 'present_sections': ['assump
tions', 'limitations', 'uncertainty', 'disclosure'], 'missing_sections': [], 'T_required_sections_coverage': 1.0, 'E_cla
im_coverage': 1.0, 'E_source_resolve_rate': 1.0, 'evidence_links_count': 1, 'evidence_links_min_required': 1, 'Psi': 1.0
, 'Es_fields_ok': 1, 'DeltaS_n': 0, 'DeltaS_mean': None, 'DeltaS_max': None, 'Lambda_n': 0, 'Lambda_mode_label': None, '
Lambda_flip_rate': None}
Flags: {'evidence_links_ok': True, 'deltaS_skipped': True, 'lambda_skipped': True, 'pass_evidence': True, 'pass_traceabi
lity': True, 'pass_psi': True, 'pass_deltaS': True, 'pass_lambda': True, 'pass_Es': True, 'overall_pass': True}
Wrote audit bundle to: ucc\out\coherence_quantum\audit_bundle.json

✅ Done. See:
 - ucc\out/coherence_helmholtz
 - ucc\out/coherence_tches
 - ucc\out/coherence_quantum
**********************
Windows PowerShell transcript end
End time: 20260103182229
**********************
